{"C:\\Users\\varap\\music-application\\core-app\\src\\Authorization\\Login.jsx": {"path":"C:\\Users\\varap\\music-application\\core-app\\src\\Authorization\\Login.jsx","statementMap":{"0":{"start":{"line":3,"column":14},"end":{"line":90,"column":1}},"1":{"start":{"line":4,"column":34},"end":{"line":4,"column":46}},"2":{"start":{"line":5,"column":26},"end":{"line":5,"column":42}},"3":{"start":{"line":7,"column":23},"end":{"line":16,"column":3}},"4":{"start":{"line":8,"column":4},"end":{"line":8,"column":23}},"5":{"start":{"line":9,"column":18},"end":{"line":13,"column":5}},"6":{"start":{"line":14,"column":4},"end":{"line":14,"column":57}},"7":{"start":{"line":15,"column":4},"end":{"line":15,"column":19}},"8":{"start":{"line":18,"column":2},"end":{"line":89,"column":4}},"9":{"start":{"line":54,"column":33},"end":{"line":54,"column":60}},"10":{"start":{"line":64,"column":33},"end":{"line":64,"column":56}}},"fnMap":{"0":{"name":"(anonymous_0)","decl":{"start":{"line":3,"column":14},"end":{"line":3,"column":15}},"loc":{"start":{"line":3,"column":31},"end":{"line":90,"column":1}},"line":3},"1":{"name":"(anonymous_1)","decl":{"start":{"line":7,"column":23},"end":{"line":7,"column":24}},"loc":{"start":{"line":7,"column":30},"end":{"line":16,"column":3}},"line":7},"2":{"name":"(anonymous_2)","decl":{"start":{"line":54,"column":26},"end":{"line":54,"column":27}},"loc":{"start":{"line":54,"column":33},"end":{"line":54,"column":60}},"line":54},"3":{"name":"(anonymous_3)","decl":{"start":{"line":64,"column":26},"end":{"line":64,"column":27}},"loc":{"start":{"line":64,"column":33},"end":{"line":64,"column":56}},"line":64}},"branchMap":{},"s":{"0":1,"1":6,"2":6,"3":6,"4":1,"5":1,"6":1,"7":1,"8":6,"9":1,"10":1},"f":{"0":6,"1":1,"2":1,"3":1},"b":{},"_coverageSchema":"1a1c01bbd47fc00a2c39e90264f33305004495a9","hash":"b71c08609a6aa50f22d5642992bdd47eeb9a2305"}
}
