<?xml version="1.0" encoding="UTF-8"?>
<coverage generated="1751801652023" clover="3.2.0">
  <project timestamp="1751801652023" name="All files">
    <metrics statements="35" coveredstatements="35" conditionals="19" coveredconditionals="16" methods="16" coveredmethods="16" elements="70" coveredelements="67" complexity="0" loc="35" ncloc="35" packages="1" files="1" classes="1"/>
    <file name="SongsList.jsx" path="C:\Users\varap\music-application\music-library\src\Components\SongsList.jsx">
      <metrics statements="35" coveredstatements="35" conditionals="19" coveredconditionals="16" methods="16" coveredmethods="16"/>
      <line num="3" count="1" type="stmt"/>
      <line num="18" count="1" type="stmt"/>
      <line num="20" count="1" type="stmt"/>
      <line num="21" count="16" type="cond" truecount="1" falsecount="1"/>
      <line num="22" count="16" type="stmt"/>
      <line num="23" count="16" type="stmt"/>
      <line num="24" count="16" type="stmt"/>
      <line num="26" count="16" type="stmt"/>
      <line num="32" count="16" type="stmt"/>
      <line num="33" count="1" type="stmt"/>
      <line num="34" count="1" type="stmt"/>
      <line num="35" count="1" type="stmt"/>
      <line num="36" count="1" type="stmt"/>
      <line num="39" count="16" type="stmt"/>
      <line num="40" count="1" type="cond" truecount="1" falsecount="1"/>
      <line num="41" count="3" type="stmt"/>
      <line num="45" count="16" type="stmt"/>
      <line num="48" count="31" type="cond" truecount="3" falsecount="0"/>
      <line num="53" count="17" type="cond" truecount="2" falsecount="0"/>
      <line num="54" count="1" type="stmt"/>
      <line num="57" count="16" type="cond" truecount="2" falsecount="0"/>
      <line num="59" count="3" type="stmt"/>
      <line num="60" count="3" type="cond" truecount="1" falsecount="1"/>
      <line num="61" count="3" type="stmt"/>
      <line num="62" count="3" type="stmt"/>
      <line num="66" count="16" type="stmt"/>
      <line num="76" count="1" type="stmt"/>
      <line num="83" count="1" type="stmt"/>
      <line num="95" count="1" type="stmt"/>
      <line num="119" count="1" type="stmt"/>
      <line num="130" count="1" type="stmt"/>
      <line num="141" count="1" type="stmt"/>
      <line num="154" count="18" type="stmt"/>
      <line num="160" count="29" type="stmt"/>
      <line num="170" count="1" type="stmt"/>
    </file>
  </project>
</coverage>
