{"C:\\Users\\varap\\music-application\\music-library\\src\\Components\\SongsList.jsx": {"path":"C:\\Users\\varap\\music-application\\music-library\\src\\Components\\SongsList.jsx","statementMap":{"0":{"start":{"line":3,"column":21},"end":{"line":15,"column":1}},"1":{"start":{"line":18,"column":13},"end":{"line":18,"column":14}},"2":{"start":{"line":20,"column":18},"end":{"line":182,"column":1}},"3":{"start":{"line":21,"column":29},"end":{"line":21,"column":64}},"4":{"start":{"line":22,"column":31},"end":{"line":22,"column":43}},"5":{"start":{"line":23,"column":32},"end":{"line":23,"column":44}},"6":{"start":{"line":24,"column":32},"end":{"line":24,"column":44}},"7":{"start":{"line":26,"column":32},"end":{"line":30,"column":4}},"8":{"start":{"line":32,"column":18},"end":{"line":37,"column":3}},"9":{"start":{"line":33,"column":4},"end":{"line":33,"column":23}},"10":{"start":{"line":34,"column":17},"end":{"line":34,"column":45}},"11":{"start":{"line":35,"column":4},"end":{"line":35,"column":31}},"12":{"start":{"line":36,"column":4},"end":{"line":36,"column":53}},"13":{"start":{"line":39,"column":21},"end":{"line":43,"column":3}},"14":{"start":{"line":40,"column":4},"end":{"line":42,"column":5}},"15":{"start":{"line":41,"column":6},"end":{"line":41,"column":49}},"16":{"start":{"line":41,"column":35},"end":{"line":41,"column":46}},"17":{"start":{"line":45,"column":19},"end":{"line":55,"column":6}},"18":{"start":{"line":48,"column":8},"end":{"line":50,"column":63}},"19":{"start":{"line":53,"column":6},"end":{"line":53,"column":29}},"20":{"start":{"line":53,"column":20},"end":{"line":53,"column":29}},"21":{"start":{"line":54,"column":6},"end":{"line":54,"column":50}},"22":{"start":{"line":57,"column":23},"end":{"line":64,"column":23}},"23":{"start":{"line":59,"column":20},"end":{"line":59,"column":33}},"24":{"start":{"line":60,"column":8},"end":{"line":60,"column":37}},"25":{"start":{"line":60,"column":23},"end":{"line":60,"column":37}},"26":{"start":{"line":61,"column":8},"end":{"line":61,"column":28}},"27":{"start":{"line":62,"column":8},"end":{"line":62,"column":19}},"28":{"start":{"line":66,"column":2},"end":{"line":181,"column":4}},"29":{"start":{"line":76,"column":29},"end":{"line":76,"column":54}},"30":{"start":{"line":83,"column":29},"end":{"line":83,"column":55}},"31":{"start":{"line":95,"column":29},"end":{"line":95,"column":55}},"32":{"start":{"line":119,"column":22},"end":{"line":119,"column":71}},"33":{"start":{"line":130,"column":22},"end":{"line":130,"column":72}},"34":{"start":{"line":141,"column":22},"end":{"line":141,"column":71}},"35":{"start":{"line":154,"column":8},"end":{"line":178,"column":14}},"36":{"start":{"line":160,"column":14},"end":{"line":175,"column":19}},"37":{"start":{"line":170,"column":35},"end":{"line":170,"column":54}}},"fnMap":{"0":{"name":"(anonymous_0)","decl":{"start":{"line":20,"column":18},"end":{"line":20,"column":19}},"loc":{"start":{"line":20,"column":49},"end":{"line":182,"column":1}},"line":20},"1":{"name":"(anonymous_1)","decl":{"start":{"line":32,"column":18},"end":{"line":32,"column":19}},"loc":{"start":{"line":32,"column":25},"end":{"line":37,"column":3}},"line":32},"2":{"name":"(anonymous_2)","decl":{"start":{"line":39,"column":21},"end":{"line":39,"column":22}},"loc":{"start":{"line":39,"column":29},"end":{"line":43,"column":3}},"line":39},"3":{"name":"(anonymous_3)","decl":{"start":{"line":41,"column":28},"end":{"line":41,"column":29}},"loc":{"start":{"line":41,"column":35},"end":{"line":41,"column":46}},"line":41},"4":{"name":"(anonymous_4)","decl":{"start":{"line":47,"column":6},"end":{"line":47,"column":7}},"loc":{"start":{"line":48,"column":8},"end":{"line":50,"column":63}},"line":48},"5":{"name":"(anonymous_5)","decl":{"start":{"line":52,"column":10},"end":{"line":52,"column":11}},"loc":{"start":{"line":52,"column":20},"end":{"line":55,"column":5}},"line":52},"6":{"name":"(anonymous_6)","decl":{"start":{"line":58,"column":22},"end":{"line":58,"column":23}},"loc":{"start":{"line":58,"column":37},"end":{"line":63,"column":7}},"line":58},"7":{"name":"(anonymous_7)","decl":{"start":{"line":76,"column":22},"end":{"line":76,"column":23}},"loc":{"start":{"line":76,"column":29},"end":{"line":76,"column":54}},"line":76},"8":{"name":"(anonymous_8)","decl":{"start":{"line":83,"column":22},"end":{"line":83,"column":23}},"loc":{"start":{"line":83,"column":29},"end":{"line":83,"column":55}},"line":83},"9":{"name":"(anonymous_9)","decl":{"start":{"line":95,"column":22},"end":{"line":95,"column":23}},"loc":{"start":{"line":95,"column":29},"end":{"line":95,"column":55}},"line":95},"10":{"name":"(anonymous_10)","decl":{"start":{"line":118,"column":30},"end":{"line":118,"column":31}},"loc":{"start":{"line":119,"column":22},"end":{"line":119,"column":71}},"line":119},"11":{"name":"(anonymous_11)","decl":{"start":{"line":129,"column":30},"end":{"line":129,"column":31}},"loc":{"start":{"line":130,"column":22},"end":{"line":130,"column":72}},"line":130},"12":{"name":"(anonymous_12)","decl":{"start":{"line":140,"column":30},"end":{"line":140,"column":31}},"loc":{"start":{"line":141,"column":22},"end":{"line":141,"column":71}},"line":141},"13":{"name":"(anonymous_13)","decl":{"start":{"line":153,"column":37},"end":{"line":153,"column":38}},"loc":{"start":{"line":154,"column":8},"end":{"line":178,"column":14}},"line":154},"14":{"name":"(anonymous_14)","decl":{"start":{"line":159,"column":37},"end":{"line":159,"column":38}},"loc":{"start":{"line":160,"column":14},"end":{"line":175,"column":19}},"line":160},"15":{"name":"(anonymous_15)","decl":{"start":{"line":170,"column":29},"end":{"line":170,"column":30}},"loc":{"start":{"line":170,"column":35},"end":{"line":170,"column":54}},"line":170}},"branchMap":{"0":{"loc":{"start":{"line":21,"column":38},"end":{"line":21,"column":63}},"type":"binary-expr","locations":[{"start":{"line":21,"column":38},"end":{"line":21,"column":47}},{"start":{"line":21,"column":51},"end":{"line":21,"column":63}}],"line":21},"1":{"loc":{"start":{"line":40,"column":4},"end":{"line":42,"column":5}},"type":"if","locations":[{"start":{"line":40,"column":4},"end":{"line":42,"column":5}},{"start":{},"end":{}}],"line":40},"2":{"loc":{"start":{"line":48,"column":8},"end":{"line":50,"column":63}},"type":"binary-expr","locations":[{"start":{"line":48,"column":8},"end":{"line":48,"column":63}},{"start":{"line":49,"column":8},"end":{"line":49,"column":64}},{"start":{"line":50,"column":8},"end":{"line":50,"column":63}}],"line":48},"3":{"loc":{"start":{"line":53,"column":6},"end":{"line":53,"column":29}},"type":"if","locations":[{"start":{"line":53,"column":6},"end":{"line":53,"column":29}},{"start":{},"end":{}}],"line":53},"4":{"loc":{"start":{"line":57,"column":23},"end":{"line":64,"column":23}},"type":"cond-expr","locations":[{"start":{"line":58,"column":6},"end":{"line":63,"column":12}},{"start":{"line":64,"column":6},"end":{"line":64,"column":23}}],"line":57},"5":{"loc":{"start":{"line":60,"column":8},"end":{"line":60,"column":37}},"type":"if","locations":[{"start":{"line":60,"column":8},"end":{"line":60,"column":37}},{"start":{},"end":{}}],"line":60},"6":{"loc":{"start":{"line":106,"column":7},"end":{"line":150,"column":7}},"type":"binary-expr","locations":[{"start":{"line":106,"column":7},"end":{"line":106,"column":23}},{"start":{"line":107,"column":8},"end":{"line":149,"column":14}}],"line":106},"7":{"loc":{"start":{"line":156,"column":13},"end":{"line":156,"column":73}},"type":"cond-expr","locations":[{"start":{"line":156,"column":23},"end":{"line":156,"column":59}},{"start":{"line":156,"column":62},"end":{"line":156,"column":73}}],"line":156},"8":{"loc":{"start":{"line":167,"column":17},"end":{"line":174,"column":17}},"type":"binary-expr","locations":[{"start":{"line":167,"column":17},"end":{"line":167,"column":33}},{"start":{"line":168,"column":18},"end":{"line":173,"column":27}}],"line":167}},"s":{"0":1,"1":1,"2":1,"3":16,"4":16,"5":16,"6":16,"7":16,"8":16,"9":1,"10":1,"11":1,"12":1,"13":16,"14":1,"15":1,"16":3,"17":16,"18":31,"19":17,"20":16,"21":1,"22":16,"23":3,"24":3,"25":3,"26":3,"27":3,"28":16,"29":1,"30":1,"31":1,"32":1,"33":1,"34":1,"35":18,"36":29,"37":1},"f":{"0":16,"1":1,"2":1,"3":3,"4":31,"5":17,"6":3,"7":1,"8":1,"9":1,"10":1,"11":1,"12":1,"13":18,"14":29,"15":1},"b":{"0":[16,0],"1":[1,0],"2":[31,2,2],"3":[16,1],"4":[1,15],"5":[3,0],"6":[16,8],"7":[3,15],"8":[29,9]},"_coverageSchema":"1a1c01bbd47fc00a2c39e90264f33305004495a9","hash":"0aacea065c1a31cfff4767c8d5d5e3861f9ed470"}
}
