TN:
SF:src\Components\SongsList.jsx
FN:20,(anonymous_0)
FN:32,(anonymous_1)
FN:39,(anonymous_2)
FN:41,(anonymous_3)
FN:47,(anonymous_4)
FN:52,(anonymous_5)
FN:58,(anonymous_6)
FN:76,(anonymous_7)
FN:83,(anonymous_8)
FN:95,(anonymous_9)
FN:118,(anonymous_10)
FN:129,(anonymous_11)
FN:140,(anonymous_12)
FN:153,(anonymous_13)
FN:159,(anonymous_14)
FN:170,(anonymous_15)
FNF:16
FNH:16
FNDA:16,(anonymous_0)
FNDA:1,(anonymous_1)
FNDA:1,(anonymous_2)
FNDA:3,(anonymous_3)
FNDA:31,(anonymous_4)
FNDA:17,(anonymous_5)
FNDA:3,(anonymous_6)
FNDA:1,(anonymous_7)
FNDA:1,(anonymous_8)
FNDA:1,(anonymous_9)
FNDA:1,(anonymous_10)
FNDA:1,(anonymous_11)
FNDA:1,(anonymous_12)
FNDA:18,(anonymous_13)
FNDA:29,(anonymous_14)
FNDA:1,(anonymous_15)
DA:3,1
DA:18,1
DA:20,1
DA:21,16
DA:22,16
DA:23,16
DA:24,16
DA:26,16
DA:32,16
DA:33,1
DA:34,1
DA:35,1
DA:36,1
DA:39,16
DA:40,1
DA:41,3
DA:45,16
DA:48,31
DA:53,17
DA:54,1
DA:57,16
DA:59,3
DA:60,3
DA:61,3
DA:62,3
DA:66,16
DA:76,1
DA:83,1
DA:95,1
DA:119,1
DA:130,1
DA:141,1
DA:154,18
DA:160,29
DA:170,1
LF:35
LH:35
BRDA:21,0,0,16
BRDA:21,0,1,0
BRDA:40,1,0,1
BRDA:40,1,1,0
BRDA:48,2,0,31
BRDA:48,2,1,2
BRDA:48,2,2,2
BRDA:53,3,0,16
BRDA:53,3,1,1
BRDA:57,4,0,1
BRDA:57,4,1,15
BRDA:60,5,0,3
BRDA:60,5,1,0
BRDA:106,6,0,16
BRDA:106,6,1,8
BRDA:156,7,0,3
BRDA:156,7,1,15
BRDA:167,8,0,29
BRDA:167,8,1,9
BRF:19
BRH:16
end_of_record
